Starting Dynare (version 5.2).
Calling Dynare with arguments: none
Starting preprocessing of the model file ...
Found 3 equation(s).
Evaluating expressions...done
Computing static model derivatives (order 1).
Computing dynamic model derivatives (order 2).
Processing outputs ...
done
Preprocessing completed.


STEADY-STATE RESULTS:

x  		 -1.61908e-18
pi 		 1.80411e-18
ii 		 0.03

EIGENVALUES:
         Modulus             Real        Imaginary

          0.4555           0.4555                0
           1.054            1.054                0
           1.682            1.682                0


There are 2 eigenvalue(s) larger than 1 in modulus 
for 2 forward-looking variable(s)

The rank condition is verified.


MODEL SUMMARY

  Number of variables:         3
  Number of stochastic shocks: 2
  Number of state variables:   1
  Number of jumpers:           2
  Number of static variables:  0


MATRIX OF COVARIANCE OF EXOGENOUS SHOCKS
Variables           u        nu
u            0.000100  0.000000
nu           0.000000  0.000100

POLICY AND TRANSITION FUNCTIONS
                                   x              pi              ii
Constant                           0               0        0.030000
ii(-1)                     -0.769162       -0.379172        0.455500
u                           0.633495        0.089991        0.217046
nu                         -0.961452       -0.473965        0.569375


MOMENTS OF SIMULATED VARIABLES
VARIABLE              MEAN       STD. DEV.        VARIANCE        SKEWNESS        KURTOSIS
x                -0.000053        0.012300        0.000151        0.018242       -0.026186
pi               -0.000019        0.005357        0.000029        0.038442        0.000318
ii                0.030012        0.006804        0.000046       -0.059223        0.017040


CORRELATION OF SIMULATED VARIABLES
VARIABLE          x       pi       ii
x            1.0000   0.9324  -0.6520
pi           0.9324   1.0000  -0.8820
ii          -0.6520  -0.8820   1.0000


AUTOCORRELATION OF SIMULATED VARIABLES
VARIABLE         1       2       3       4       5
x           0.2777  0.1201  0.0640  0.0270  0.0086
pi          0.4199  0.1883  0.0896  0.0366  0.0130
ii          0.4521  0.1972  0.0923  0.0326  0.0102



VARIANCE DECOMPOSITION SIMULATING ONE SHOCK AT A TIME (in percent)
                     u                nu  Tot. lin. contr.
x                28.48             74.24            102.72
pi                5.73             95.12            100.85
ii               12.81             85.08             97.88
Note: numbers do not add up to 100 due to non-zero correlation of simulated shocks in small samples

Total computing time : 0h00m02s
